09:43:32,433 INFO  Test.main:read:18 - File URL have been gotten
09:43:32,449 INFO  Test.main:read:21 - Byte array from file have been gotten
09:43:32,450 INFO  Test.main:read:24 - Message from file have been gotten
09:43:52,116 INFO  Test.main:read:18 - File URL ---= have been gotten
09:43:52,135 INFO  Test.main:read:21 - Byte array from file have been gotten
09:43:52,136 INFO  Test.main:read:24 - Message from file have been gotten
17:42:04,761 ERROR AdministratorImpl.main:createAdministrator:44 - java.sql.SQLException: Can''t call commit when autocommit=true
17:43:22,752 ERROR AdministratorImpl.main:createAdministrator:44 - java.sql.SQLIntegrityConstraintViolationException: Duplicate entry '1' for key 'PRIMARY'
17:44:38,260 INFO  AdministratorImpl.main:createAdministrator:42 - Administrator Tolik was created
17:46:09,687 ERROR AdministratorImpl.main:createAdministrator:44 - java.sql.SQLIntegrityConstraintViolationException: Duplicate entry '2' for key 'PRIMARY'
17:46:27,889 INFO  AdministratorImpl.main:createAdministrator:42 - Administrator IIEtro was created
17:50:06,834 INFO  AdministratorImpl.main:createAdministrator:42 - Administrator Victor was created
17:54:13,538 INFO  AdministratorImpl.main:deleteAdministratorByUsername:135 - Administrator with username Tolik was successful deleted.
17:55:21,366 INFO  AdministratorImpl.main:deleteAdministratorByUsername:135 - Administrator with username AJIadin was successful deleted.
01:34:20,600 ERROR CalculatorImpl.main:createCalculator:35 - java.sql.SQLSyntaxErrorException: Table 'MyProject.CALCULATOR' doesn't exist
01:35:03,528 INFO  CalculatorImpl.main:createCalculator:33 - Calculator was created
01:52:02,983 INFO  CalculatorImpl.main:createCalculator:33 - Calculator was created
10:09:35,156 INFO  CargoPriceImpl.main:createCargoPrice:31 - Cargo price was created
10:10:39,402 ERROR CargoPriceImpl.main:createCargoPrice:33 - java.sql.SQLIntegrityConstraintViolationException: Duplicate entry '11' for key 'PRIMARY'
10:12:37,339 INFO  CargoPriceImpl.main:deleteCargoPriceByWeight:112 - Cargo price with weight: 90 was successful deleted.
10:14:14,468 INFO  CargoPriceImpl.main:deleteCargoPriceByWeight:112 - Cargo price with weight: 90 was successful deleted.
10:15:52,195 INFO  CargoPriceImpl.main:deleteCargoPriceByWeight:112 - Cargo price with weight: 90 was successful deleted.
10:16:36,022 INFO  CargoPriceImpl.main:deleteCargoPriceByWeight:112 - Cargo price with weight: 20 was successful deleted.
16:27:42,475 ERROR UserImpl.main:createUser:45 - com.mysql.cj.jdbc.exceptions.MysqlDataTruncation: Data truncation: Out of range value for column 'phone' at row 1
16:28:11,508 INFO  UserImpl.main:createUser:43 - User AJIadin was created
16:30:49,533 INFO  ParcelPriceImpl.main:createParcelPrice:32 - Parcel price was created
16:31:42,742 INFO  ParcelPriceImpl.main:deleteParcelPriceByWeight:114 - Parcel price with weight: 40 was successful deleted.
16:32:04,455 INFO  ParcelPriceImpl.main:createParcelPrice:32 - Parcel price was created
16:37:04,962 INFO  OrderToWarehouse.main:createOrderToWarehouse:42 - Order to warehouse was successful created
